Arguments: 
  /Users/johnrivera/.nvm/versions/node/v8.2.1/bin/node /Users/johnrivera/.nvm/versions/node/v8.2.1/bin/yarn add @types/midi

PATH: 
  /Users/johnrivera/.nvm/versions/node/v8.2.1/bin:/usr/local/opt/hdf5@1.8/bin:/Users/johnrivera/torch/install/bin:/Users/johnrivera/.rvm/gems/ruby-2.2.4/bin:/Users/johnrivera/.rvm/gems/ruby-2.2.4@global/bin:/Users/johnrivera/.rvm/rubies/ruby-2.2.4/bin:/usr/local/bin:/usr/bin:/bin:/usr/sbin:/sbin:/opt/X11/bin:/usr/local/opt/hdf5@1.8/bin:/Users/johnrivera/torch/install/bin:/Users/johnrivera/.rvm/gems/ruby-2.2.4/bin:/Users/johnrivera/.rvm/gems/ruby-2.2.4@global/bin:/Users/johnrivera/.rvm/rubies/ruby-2.2.4/bin:/Users/johnrivera/.rvm/bin:/Users/johnrivera/Library/Android/sdk/tools:/Users/johnrivera/Library/Android/sdk/platform-tools:/Users/johnrivera/.rvm/bin:/Users/johnrivera/Library/Android/sdk/tools:/Users/johnrivera/Library/Android/sdk/platform-tools

Yarn version: 
  0.27.5

Node version: 
  8.2.1

Platform: 
  darwin x64

npm manifest: 
  {
    "name": "synchronicity",
    "version": "0.0.1",
    "description": "todo",
    "main": "index.js",
    "scripts": {
      "test": "echo \"Error: no test specified\" && exit 1",
      "start": "ts-node ./typescript/index.ts"
    },
    "repository": {
      "type": "git",
      "url": "git+https://github.com/coffeeexistence/Synchronicity.git"
    },
    "author": "John Rivera",
    "license": "ISC",
    "bugs": {
      "url": "https://github.com/coffeeexistence/Synchronicity/issues"
    },
    "homepage": "https://github.com/coffeeexistence/Synchronicity#readme",
    "dependencies": {
      "@types/node": "^12.0.2",
      "midi": "^0.9.5",
      "rxjs": "^6.5.2",
      "ts-node": "^8.2.0",
      "typescript": "^3.4.5"
    }
  }

yarn manifest: 
  No manifest

Lockfile: 
  # THIS IS AN AUTOGENERATED FILE. DO NOT EDIT THIS FILE DIRECTLY.
  # yarn lockfile v1
  
  
  "@types/node@^12.0.2":
    version "12.0.2"
    resolved "https://registry.yarnpkg.com/@types/node/-/node-12.0.2.tgz#3452a24edf9fea138b48fad4a0a028a683da1e40"
  
  arg@^4.1.0:
    version "4.1.0"
    resolved "https://registry.yarnpkg.com/arg/-/arg-4.1.0.tgz#583c518199419e0037abb74062c37f8519e575f0"
  
  bindings@~1.2.1:
    version "1.2.1"
    resolved "https://registry.yarnpkg.com/bindings/-/bindings-1.2.1.tgz#14ad6113812d2d37d72e67b4cacb4bb726505f11"
  
  buffer-from@^1.0.0:
    version "1.1.1"
    resolved "https://registry.yarnpkg.com/buffer-from/-/buffer-from-1.1.1.tgz#32713bc028f75c02fdb710d7c7bcec1f2c6070ef"
  
  diff@^4.0.1:
    version "4.0.1"
    resolved "https://registry.yarnpkg.com/diff/-/diff-4.0.1.tgz#0c667cb467ebbb5cea7f14f135cc2dba7780a8ff"
  
  make-error@^1.1.1:
    version "1.3.5"
    resolved "https://registry.yarnpkg.com/make-error/-/make-error-1.3.5.tgz#efe4e81f6db28cadd605c70f29c831b58ef776c8"
  
  midi@^0.9.5:
    version "0.9.5"
    resolved "https://registry.yarnpkg.com/midi/-/midi-0.9.5.tgz#fc323aff3e81b0d4099caeead535ba679c6e9d88"
    dependencies:
      bindings "~1.2.1"
      nan "^2.3.3"
  
  nan@^2.3.3:
    version "2.14.0"
    resolved "https://registry.yarnpkg.com/nan/-/nan-2.14.0.tgz#7818f722027b2459a86f0295d434d1fc2336c52c"
  
  rxjs@^6.5.2:
    version "6.5.2"
    resolved "https://registry.yarnpkg.com/rxjs/-/rxjs-6.5.2.tgz#2e35ce815cd46d84d02a209fb4e5921e051dbec7"
    dependencies:
      tslib "^1.9.0"
  
  source-map-support@^0.5.6:
    version "0.5.12"
    resolved "https://registry.yarnpkg.com/source-map-support/-/source-map-support-0.5.12.tgz#b4f3b10d51857a5af0138d3ce8003b201613d599"
    dependencies:
      buffer-from "^1.0.0"
      source-map "^0.6.0"
  
  source-map@^0.6.0:
    version "0.6.1"
    resolved "https://registry.yarnpkg.com/source-map/-/source-map-0.6.1.tgz#74722af32e9614e9c287a8d0bbde48b5e2f1a263"
  
  ts-node@^8.2.0:
    version "8.2.0"
    resolved "https://registry.yarnpkg.com/ts-node/-/ts-node-8.2.0.tgz#4a89754b00560bb24cd54526e1685fa38c45f240"
    dependencies:
      arg "^4.1.0"
      diff "^4.0.1"
      make-error "^1.1.1"
      source-map-support "^0.5.6"
      yn "^3.0.0"
  
  tslib@^1.9.0:
    version "1.9.3"
    resolved "https://registry.yarnpkg.com/tslib/-/tslib-1.9.3.tgz#d7e4dd79245d85428c4d7e4822a79917954ca286"
  
  typescript@^3.4.5:
    version "3.4.5"
    resolved "https://registry.yarnpkg.com/typescript/-/typescript-3.4.5.tgz#2d2618d10bb566572b8d7aad5180d84257d70a99"
  
  yn@^3.0.0:
    version "3.1.0"
    resolved "https://registry.yarnpkg.com/yn/-/yn-3.1.0.tgz#fcbe2db63610361afcc5eb9e0ac91e976d046114"

Trace: 
  Error: https://registry.yarnpkg.com/@types%2fmidi: ETIMEDOUT
      at Timeout._onTimeout (/Users/johnrivera/.nvm/versions/node/v8.2.1/lib/node_modules/yarn/node_modules/request/request.js:852:19)
      at ontimeout (timers.js:469:11)
      at tryOnTimeout (timers.js:304:5)
      at Timer.listOnTimeout (timers.js:264:5)
